\BOOKMARK [1][-]{section.1}{\376\377\230\204\131\007\167\345\213\306\377\032\000P\000I\000N\000N\000\040\166\370\121\163\164\006\213\272\124\214\142\200\147\057}{}% 1
\BOOKMARK [2][-]{subsection.1.1}{\376\377\127\372\116\216\162\151\164\006\117\341\140\157\166\204\171\136\176\317\177\121\176\334}{section.1}% 2
\BOOKMARK [2][-]{subsection.1.2}{\376\377\000L\000-\000B\000F\000G\000S\000\040\117\030\123\026\173\227\154\325}{section.1}% 3
\BOOKMARK [1][-]{section.2}{\376\377\230\204\131\007\167\345\213\306\377\032\150\070\123\315\136\224\130\006\162\151\164\006\122\006\147\220}{}% 4
\BOOKMARK [2][-]{subsection.2.1}{\376\377\210\302\123\330\200\375\221\317\166\204\221\312\145\076}{section.2}% 5
\BOOKMARK [2][-]{subsection.2.2}{\376\377\224\376\137\017\210\302\123\330\123\315\136\224}{section.2}% 6
\BOOKMARK [2][-]{subsection.2.3}{\376\377\160\355\116\055\133\120\123\315\136\224\130\006\121\205\166\204\116\055\133\120\137\252\163\257}{section.2}% 7
\BOOKMARK [2][-]{subsection.2.4}{\376\377\123\125\200\375\116\055\133\120\142\151\145\143\145\271\172\013}{section.2}% 8
\BOOKMARK [3][-]{subsubsection.2.4.1}{\376\377\142\151\145\143\145\271\172\013\217\271\165\114\147\141\116\366}{subsection.2.4}% 9
\BOOKMARK [3][-]{subsubsection.2.4.2}{\376\377\203\362\121\113\133\232\137\213\124\214\142\151\145\143\164\006\213\272\166\204\220\002\165\050\203\003\126\364}{subsection.2.4}% 10
\BOOKMARK [2][-]{subsection.2.5}{\376\377\127\107\123\000\210\370\130\006\166\204\123\125\177\244\164\006\213\272}{section.2}% 11
\BOOKMARK [3][-]{subsubsection.2.5.1}{\376\377\127\107\123\000\210\370\130\006\166\204\123\125\177\244\142\151\145\143\145\271\172\013\166\204\211\343}{subsection.2.5}% 12
\BOOKMARK [3][-]{subsubsection.2.5.2}{\376\377\160\355\116\055\133\120\123\315\136\224\130\006\166\204\116\064\165\114\147\141\116\366}{subsection.2.5}% 13
\BOOKMARK [3][-]{subsubsection.2.5.3}{\376\377\123\315\136\224\130\006\146\362\163\207\124\214\116\064\165\114\213\241\173\227\116\373\122\241}{subsection.2.5}% 14
\BOOKMARK [3][-]{subsubsection.2.5.4}{\376\377\123\125\177\244\164\006\213\272\166\204\117\356\153\143}{subsection.2.5}% 15
\BOOKMARK [3][-]{subsubsection.2.5.5}{\376\377\172\063\140\001\123\125\177\244\142\151\145\143\145\271\172\013}{subsection.2.5}% 16
\BOOKMARK [1][-]{section.3}{\376\377\133\146\116\140\173\024\213\260\377\032\127\372\116\216\000P\000I\000N\000N\155\361\136\246\147\072\126\150\133\146\116\140\142\200\147\057\154\102\211\343\131\032\176\364\116\055\133\120\133\146\142\151\145\143\145\271\172\013}{}% 17
\BOOKMARK [2][-]{subsection.3.1}{\376\377\164\006\213\272\123\237\164\006}{section.3}% 18
\BOOKMARK [3][-]{subsubsection.3.1.1}{\376\377\116\055\133\120\133\146\142\151\145\143\145\271\172\013\152\041\127\213}{subsection.3.1}% 19
\BOOKMARK [3][-]{subsubsection.3.1.2}{\376\377\122\051\165\050\000P\000I\000N\000N\154\102\211\343\142\151\145\143\145\271\172\013\166\204\121\163\225\056\142\200\147\057}{subsection.3.1}% 20
\BOOKMARK [3][-]{subsubsection.3.1.3}{\376\377\142\151\145\143\145\271\172\013\162\171\137\201\124\021\221\317\122\240\220\037\145\066\145\133\145\271\154\325}{subsection.3.1}% 21
\BOOKMARK [3][-]{subsubsection.3.1.4}{\376\377\000k\000e\000f\000f\136\166\210\114\144\034\175\042\145\271\154\325}{subsection.3.1}% 22
\BOOKMARK [3][-]{subsubsection.3.1.5}{\376\377\121\340\117\125\172\172\225\364\177\121\150\074\160\271\133\306\136\246\116\015\127\107\123\000\122\006\136\003\173\126\165\145}{subsection.3.1}% 23
\BOOKMARK [2][-]{subsection.3.2}{\376\377\145\160\120\074\232\214\213\301\172\013\136\217\166\204\131\015\163\260}{section.3}% 24
\BOOKMARK [3][-]{subsubsection.3.2.1}{\376\377\155\361\136\246\147\072\126\150\133\146\116\140\166\204\215\205\123\302\145\160\213\276\177\156}{subsection.3.2}% 25
\BOOKMARK [3][-]{subsubsection.3.2.2}{\376\377\116\064\165\114\147\141\116\366\116\013\172\063\140\001\142\151\145\143\145\271\172\013\166\204\232\214\213\301}{subsection.3.2}% 26
\BOOKMARK [3][-]{subsubsection.3.2.3}{\376\377\232\214\213\301\142\151\145\143\145\271\172\013\162\171\137\201\124\021\221\317\122\240\220\037\145\066\145\133\145\271\154\325}{subsection.3.2}% 27
\BOOKMARK [3][-]{subsubsection.3.2.4}{\376\377\167\254\140\001\147\141\116\366\142\151\145\143\145\271\172\013\154\102\211\343\123\312\000k\000e\000f\000f\144\034\175\042\145\271\154\325\232\214\213\301}{subsection.3.2}% 28
\BOOKMARK [3][-]{subsubsection.3.2.5}{\376\377\177\121\150\074\160\271\116\015\127\107\123\000\122\006\136\003\173\126\165\145\232\214\213\301}{subsection.3.2}% 29
\BOOKMARK [3][-]{subsubsection.3.2.6}{\376\377\176\323\213\272}{subsection.3.2}% 30
\BOOKMARK [1][-]{section.4}{\376\377\176\323\147\137\213\355}{}% 31
